<?xml version="1.0" encoding="UTF-8"?>
<!-- Generated by org.testng.reporters.JUnitReportReporter -->
<testsuite hostname="NX00428" failures="0" tests="2" name="com.fb.qa.testcases.OutwardPageTest" time="25.344" errors="0" timestamp="2023-06-20T18:52:03 PKT" skipped="0">
  <testcase classname="com.fb.qa.testcases.OutwardPageTest" name="outwardProcess" time="14.754"/>
  <testcase classname="com.fb.qa.testcases.OutwardPageTest" name="approveOutwardProcess" time="10.590"/>
</testsuite> <!-- com.fb.qa.testcases.OutwardPageTest -->
