<?xml version="1.0" encoding="UTF-8"?>
<!-- Generated by org.testng.reporters.JUnitReportReporter -->
<testsuite hostname="NX00428" failures="0" tests="2" name="com.fb.qa.testcases.SuppliersBillsTest" time="25.798" errors="0" timestamp="2023-05-10T16:10:22 PKT" skipped="0">
  <testcase classname="com.fb.qa.testcases.SuppliersBillsTest" name="SuppliersBillsProcess" time="13.633"/>
  <system-out/>
  <testcase classname="com.fb.qa.testcases.SuppliersBillsTest" name="ApproveSuupliers" time="12.165"/>
  <system-out/>
</testsuite> <!-- com.fb.qa.testcases.SuppliersBillsTest -->
