<?xml version="1.0" encoding="UTF-8"?>
<!-- Generated by org.testng.reporters.JUnitReportReporter -->
<testsuite hostname="NX00428" failures="0" tests="2" name="com.fb.qa.testcases.PurchaseOrderReturnTest" time="27.867" errors="0" timestamp="2023-05-24T17:53:06 PKT" skipped="0">
  <testcase classname="com.fb.qa.testcases.PurchaseOrderReturnTest" name="SuppliersProcess" time="15.255"/>
  <system-out/>
  <testcase classname="com.fb.qa.testcases.PurchaseOrderReturnTest" name="ApprovePurchaseOrderReturn" time="12.612"/>
  <system-out/>
</testsuite> <!-- com.fb.qa.testcases.PurchaseOrderReturnTest -->
