<?xml version="1.0" encoding="UTF-8"?>
<!-- Generated by org.testng.reporters.JUnitReportReporter -->
<testsuite hostname="NX00428" failures="0" tests="2" name="com.fb.qa.testcases.PurchaseOrdersTest" time="48.322" errors="0" timestamp="2023-05-23T19:54:01 PKT" skipped="0">
  <testcase classname="com.fb.qa.testcases.PurchaseOrdersTest" name="PurchaseOrdersProcess" time="28.948"/>
  <system-out/>
  <testcase classname="com.fb.qa.testcases.PurchaseOrdersTest" name="ApprovePurchaseOrdersProcess" time="19.374"/>
  <system-out/>
</testsuite> <!-- com.fb.qa.testcases.PurchaseOrdersTest -->
