<?xml version="1.0" encoding="UTF-8"?>
<!-- Generated by org.testng.reporters.JUnitReportReporter -->
<testsuite hostname="NX00428" failures="0" tests="2" name="com.fb.qa.testcases.BudgetsTest" time="28.986" errors="0" timestamp="2023-05-10T15:47:09 PKT" skipped="0">
  <testcase classname="com.fb.qa.testcases.BudgetsTest" name="BudgetsProcess" time="18.556"/>
  <system-out/>
  <testcase classname="com.fb.qa.testcases.BudgetsTest" name="ApproveBudgets" time="10.430"/>
  <system-out/>
</testsuite> <!-- com.fb.qa.testcases.BudgetsTest -->
