<?xml version="1.0" encoding="UTF-8"?>
<!-- Generated by org.testng.reporters.JUnitReportReporter -->
<testsuite hostname="NX00428" failures="0" tests="1" name="com.fb.qa.testcases.GoodsReceiveNotesTest" time="26.451" errors="0" timestamp="2023-05-08T16:51:02 PKT" skipped="0">
  <testcase classname="com.fb.qa.testcases.GoodsReceiveNotesTest" name="GoodsRecieveProcess" time="26.451"/>
  <system-out/>
</testsuite> <!-- com.fb.qa.testcases.GoodsReceiveNotesTest -->
