<?xml version="1.0" encoding="UTF-8"?>
<!-- Generated by org.testng.reporters.JUnitReportReporter -->
<testsuite hostname="NX00428" failures="0" tests="1" name="com.fb.qa.testcases.ProductsTest" time="13.492" errors="0" timestamp="2023-05-08T20:06:28 PKT" skipped="0">
  <testcase classname="com.fb.qa.testcases.ProductsTest" name="ProductCategoryProcess" time="13.492"/>
  <system-out/>
</testsuite> <!-- com.fb.qa.testcases.ProductsTest -->
