<?xml version="1.0" encoding="UTF-8"?>
<!-- Generated by org.testng.reporters.JUnitReportReporter -->
<testsuite hostname="NX00428" failures="0" tests="1" name="com.fb.qa.testcases.InventoryTest" time="19.065" errors="0" timestamp="2023-06-22T19:09:18 PKT" skipped="0">
  <testcase classname="com.fb.qa.testcases.InventoryTest" name="inventoryProcess" time="19.065"/>
</testsuite> <!-- com.fb.qa.testcases.InventoryTest -->
