<?xml version="1.0" encoding="UTF-8"?>
<!-- Generated by org.testng.reporters.JUnitReportReporter -->
<testsuite hostname="NX00428" failures="0" tests="2" name="com.fb.qa.testcases.SuppliersTest" time="46.562" errors="0" timestamp="2023-06-22T17:08:18 PKT" skipped="0">
  <testcase classname="com.fb.qa.testcases.SuppliersTest" name="SuppliersProcess" time="32.743"/>
  <testcase classname="com.fb.qa.testcases.SuppliersTest" name="ApproveSuppliers" time="13.819"/>
</testsuite> <!-- com.fb.qa.testcases.SuppliersTest -->
