<?xml version="1.0" encoding="UTF-8"?>
<!-- Generated by org.testng.reporters.JUnitReportReporter -->
<testsuite hostname="NX00428" failures="0" tests="1" name="com.fb.qa.testcases.ProductsTest" time="15.522" errors="0" timestamp="2023-05-24T18:47:28 PKT" skipped="0">
  <testcase classname="com.fb.qa.testcases.ProductsTest" name="ProductCategoryProcess" time="15.522"/>
  <system-out/>
</testsuite> <!-- com.fb.qa.testcases.ProductsTest -->
