<?xml version="1.0" encoding="UTF-8"?>
<!-- Generated by org.testng.reporters.JUnitReportReporter -->
<testsuite hostname="NX00428" failures="0" tests="2" name="com.fb.qa.testcases.MaterialReturnTest" time="26.042" errors="0" timestamp="2023-05-25T19:48:15 PKT" skipped="0">
  <testcase classname="com.fb.qa.testcases.MaterialReturnTest" name="MaterialReturnProcess" time="16.055"/>
  <system-out/>
  <testcase classname="com.fb.qa.testcases.MaterialReturnTest" name="ApproveMaterialReturn" time="9.987"/>
  <system-out/>
</testsuite> <!-- com.fb.qa.testcases.MaterialReturnTest -->
