<?xml version="1.0" encoding="UTF-8"?>
<!-- Generated by org.testng.reporters.JUnitReportReporter -->
<testsuite hostname="NX00428" failures="0" tests="1" name="com.fb.qa.testcases.LoginPageTest" time="10.325" errors="0" timestamp="2023-05-23T17:01:25 PKT" skipped="0">
  <testcase classname="com.fb.qa.testcases.LoginPageTest" name="login" time="10.325"/>
  <system-out/>
</testsuite> <!-- com.fb.qa.testcases.LoginPageTest -->
