<?xml version="1.0" encoding="UTF-8"?>
<!-- Generated by org.testng.reporters.JUnitReportReporter -->
<testsuite hostname="NX00428" failures="0" tests="2" name="com.fb.qa.testcases.PurchaseOrderReturnTest" time="22.951" errors="0" timestamp="2023-05-10T18:47:32 PKT" skipped="0">
  <testcase classname="com.fb.qa.testcases.PurchaseOrderReturnTest" name="SuppliersProcess" time="12.090"/>
  <system-out/>
  <testcase classname="com.fb.qa.testcases.PurchaseOrderReturnTest" name="ApprovePurchaseOrderReturn" time="10.861"/>
  <system-out/>
</testsuite> <!-- com.fb.qa.testcases.PurchaseOrderReturnTest -->
