<?xml version="1.0" encoding="UTF-8"?>
<!-- Generated by org.testng.reporters.JUnitReportReporter -->
<testsuite hostname="NX00428" failures="0" tests="2" name="com.fb.qa.testcases.MaterialInspectionTest" time="31.921" errors="0" timestamp="2023-05-24T17:38:52 PKT" skipped="0">
  <testcase classname="com.fb.qa.testcases.MaterialInspectionTest" name="MaterialInspectionProcess" time="15.476"/>
  <system-out/>
  <testcase classname="com.fb.qa.testcases.MaterialInspectionTest" name="ApproveInspectionProcess" time="16.445"/>
  <system-out/>
</testsuite> <!-- com.fb.qa.testcases.MaterialInspectionTest -->
