<?xml version="1.0" encoding="UTF-8"?>
<!-- Generated by org.testng.reporters.JUnitReportReporter -->
<testsuite hostname="NX00428" failures="0" tests="2" name="com.fb.qa.testcases.PurchaseOrdersTest" time="40.669" errors="0" timestamp="2023-05-02T04:27:28 PDT" skipped="0">
  <testcase classname="com.fb.qa.testcases.PurchaseOrdersTest" name="PurchaseOrdersProcess" time="23.784"/>
  <system-out/>
  <testcase classname="com.fb.qa.testcases.PurchaseOrdersTest" name="ApprovePurchaseOrdersProcess" time="16.885"/>
  <system-out/>
</testsuite> <!-- com.fb.qa.testcases.PurchaseOrdersTest -->
