<?xml version="1.0" encoding="UTF-8"?>
<!-- Generated by org.testng.reporters.JUnitReportReporter -->
<testsuite hostname="NX00428" failures="0" tests="1" name="com.fb.qa.testcases.InwardPageTest" time="18.484" errors="0" timestamp="2023-05-23T18:45:05 PKT" skipped="0">
  <testcase classname="com.fb.qa.testcases.InwardPageTest" name="InwardProcess" time="18.484"/>
  <system-out/>
</testsuite> <!-- com.fb.qa.testcases.InwardPageTest -->
