<?xml version="1.0" encoding="UTF-8"?>
<!-- Generated by org.testng.reporters.JUnitReportReporter -->
<testsuite hostname="NX00428" failures="1" tests="4" name="com.fb.qa.testcases.MaterialReqTest" time="42.755" errors="0" timestamp="2023-04-28T17:43:04 PKT" skipped="0">
  <testcase classname="com.fb.qa.testcases.MaterialReqTest" name="verifyPageTitle" time="8.374"/>
  <system-out/>
  <testcase classname="com.fb.qa.testcases.MaterialReqTest" name="clickOnMaterialReq" time="5.858"/>
  <system-out/>
  <testcase classname="com.fb.qa.testcases.MaterialReqTest" name="clickonAddMaterial" time="19.856"/>
  <system-out/>
  <testcase classname="com.fb.qa.testcases.MaterialReqTest" name="approveMaterial" time="8.667">
    <failure message="Title is matched expected [Material Requisition has been approved (	MR-1681388931957)] but found [Material Requisition has been approved (MR-1682685768721)]" type="java.lang.AssertionError">
      <![CDATA[java.lang.AssertionError: Title is matched expected [Material Requisition has been approved (MR-1681388931957)] but found [Material Requisition has been approved (MR-1682685768721)]
at org.testng.Assert.fail(Assert.java:99)
at org.testng.Assert.failNotEquals(Assert.java:1037)
at org.testng.Assert.assertEqualsImpl(Assert.java:140)
at org.testng.Assert.assertEquals(Assert.java:122)
at org.testng.Assert.assertEquals(Assert.java:629)
at com.fb.qa.testcases.MaterialReqTest.approveMaterial(MaterialReqTest.java:69)
at java.base/jdk.internal.reflect.DirectMethodHandleAccessor.invoke(DirectMethodHandleAccessor.java:104)
at java.base/java.lang.reflect.Method.invoke(Method.java:578)
at org.testng.internal.MethodInvocationHelper.invokeMethod(MethodInvocationHelper.java:133)
at org.testng.internal.TestInvoker.invokeMethod(TestInvoker.java:598)
at org.testng.internal.TestInvoker.invokeTestMethod(TestInvoker.java:173)
at org.testng.internal.MethodRunner.runInSequence(MethodRunner.java:46)
at org.testng.internal.TestInvoker$MethodInvocationAgent.invoke(TestInvoker.java:824)
at org.testng.internal.TestInvoker.invokeTestMethods(TestInvoker.java:146)
at org.testng.internal.TestMethodWorker.invokeTestMethods(TestMethodWorker.java:146)
at org.testng.internal.TestMethodWorker.run(TestMethodWorker.java:128)
at java.base/java.util.ArrayList.forEach(ArrayList.java:1511)
at org.testng.TestRunner.privateRun(TestRunner.java:794)
at org.testng.TestRunner.run(TestRunner.java:596)
at org.testng.SuiteRunner.runTest(SuiteRunner.java:377)
at org.testng.SuiteRunner.runSequentially(SuiteRunner.java:371)
at org.testng.SuiteRunner.privateRun(SuiteRunner.java:332)
at org.testng.SuiteRunner.run(SuiteRunner.java:276)
at org.testng.SuiteRunnerWorker.runSuite(SuiteRunnerWorker.java:53)
at org.testng.SuiteRunnerWorker.run(SuiteRunnerWorker.java:96)
at org.testng.TestNG.runSuitesSequentially(TestNG.java:1212)
at org.testng.TestNG.runSuitesLocally(TestNG.java:1134)
at org.testng.TestNG.runSuites(TestNG.java:1063)
at org.testng.TestNG.run(TestNG.java:1031)
at org.testng.remote.AbstractRemoteTestNG.run(AbstractRemoteTestNG.java:115)
at org.testng.remote.RemoteTestNG.initAndRun(RemoteTestNG.java:251)
at org.testng.remote.RemoteTestNG.main(RemoteTestNG.java:77)
]]>
    </failure>
  </testcase> <!-- approveMaterial -->
  <system-out/>
</testsuite> <!-- com.fb.qa.testcases.MaterialReqTest -->
