<?xml version="1.0" encoding="UTF-8"?>
<!-- Generated by org.testng.reporters.JUnitReportReporter -->
<testsuite hostname="NX00428" failures="0" tests="1" name="com.fb.qa.testcases.InventoryTest" time="23.850" errors="0" timestamp="2023-06-16T12:32:56 PKT" skipped="0">
  <testcase classname="com.fb.qa.testcases.InventoryTest" name="InventoryProcess" time="23.850"/>
</testsuite> <!-- com.fb.qa.testcases.InventoryTest -->
