<?xml version="1.0" encoding="UTF-8"?>
<!-- Generated by org.testng.reporters.JUnitReportReporter -->
<testsuite hostname="NX00428" failures="0" tests="1" name="com.fb.qa.testcases.MaterialReturnTest" time="19.674" errors="0" timestamp="2023-06-20T15:55:40 PKT" skipped="0">
  <testcase classname="com.fb.qa.testcases.MaterialReturnTest" name="materialReturnProcess" time="19.674"/>
</testsuite> <!-- com.fb.qa.testcases.MaterialReturnTest -->
