<?xml version="1.0" encoding="UTF-8"?>
<!-- Generated by org.testng.reporters.JUnitReportReporter -->
<testsuite hostname="NX00428" failures="0" tests="3" name="com.fb.qa.testcases.MaterialRequisitionTest" time="36.568" errors="0" timestamp="2023-06-08T17:13:08 PKT" skipped="0">
  <testcase classname="com.fb.qa.testcases.MaterialRequisitionTest" name="verifyPageTitle" time="9.234"/>
  <system-out/>
  <testcase classname="com.fb.qa.testcases.MaterialRequisitionTest" name="materialReqProcess" time="15.849"/>
  <system-out/>
  <testcase classname="com.fb.qa.testcases.MaterialRequisitionTest" name="approveMaterialProcess" time="11.485"/>
  <system-out/>
</testsuite> <!-- com.fb.qa.testcases.MaterialRequisitionTest -->
