<?xml version="1.0" encoding="UTF-8"?>
<!-- Generated by org.testng.reporters.JUnitReportReporter -->
<testsuite hostname="NX00428" failures="0" tests="1" name="com.fb.qa.testcases.BudgetsTest" time="18.298" errors="0" timestamp="2023-06-20T15:31:54 PKT" skipped="0">
  <testcase classname="com.fb.qa.testcases.BudgetsTest" name="approveBudgetTest" time="18.298"/>
</testsuite> <!-- com.fb.qa.testcases.BudgetsTest -->
