<?xml version="1.0" encoding="UTF-8"?>
<!-- Generated by org.testng.reporters.JUnitReportReporter -->
<testsuite hostname="NX00428" failures="0" tests="3" name="com.fb.qa.testcases.MaterialRequisitionTest" time="33.737" errors="0" timestamp="2023-06-07T12:21:07 PKT" skipped="0">
  <testcase classname="com.fb.qa.testcases.MaterialRequisitionTest" name="verifyPageTitle" time="6.116"/>
  <system-out/>
  <testcase classname="com.fb.qa.testcases.MaterialRequisitionTest" name="materialReqProcess" time="16.670"/>
  <system-out/>
  <testcase classname="com.fb.qa.testcases.MaterialRequisitionTest" name="approveMaterialProcess" time="10.951"/>
  <system-out/>
</testsuite> <!-- com.fb.qa.testcases.MaterialRequisitionTest -->
