<?xml version="1.0" encoding="UTF-8"?>
<!-- Generated by org.testng.reporters.JUnitReportReporter -->
<testsuite hostname="NX00428" failures="0" tests="3" name="com.fb.qa.testcases.MaterialRequisitionTest" time="36.646" errors="0" timestamp="2023-05-23T17:03:30 PKT" skipped="0">
  <testcase classname="com.fb.qa.testcases.MaterialRequisitionTest" name="verifyPageTitle" time="10.009"/>
  <system-out/>
  <testcase classname="com.fb.qa.testcases.MaterialRequisitionTest" name="materialReqProcess" time="14.443"/>
  <system-out/>
  <testcase classname="com.fb.qa.testcases.MaterialRequisitionTest" name="approveMaterialProcess" time="12.194"/>
  <system-out/>
</testsuite> <!-- com.fb.qa.testcases.MaterialRequisitionTest -->
