<?xml version="1.0" encoding="UTF-8"?>
<!-- Generated by org.testng.reporters.JUnitReportReporter -->
<testsuite hostname="NX00428" failures="0" tests="2" name="com.fb.qa.testcases.OutwardPageTest" time="24.320" errors="0" timestamp="2023-05-23T18:11:28 PKT" skipped="0">
  <testcase classname="com.fb.qa.testcases.OutwardPageTest" name="outwardProcess" time="14.627"/>
  <system-out/>
  <testcase classname="com.fb.qa.testcases.OutwardPageTest" name="approveOutwardProcess" time="9.693"/>
  <system-out/>
</testsuite> <!-- com.fb.qa.testcases.OutwardPageTest -->
