<?xml version="1.0" encoding="UTF-8"?>
<!-- Generated by org.testng.reporters.JUnitReportReporter -->
<testsuite hostname="NX00428" failures="0" tests="1" name="com.fb.qa.testcases.AssetsTest" time="15.599" errors="0" timestamp="2023-05-24T17:54:59 PKT" skipped="0">
  <testcase classname="com.fb.qa.testcases.AssetsTest" name="AssetsProcess" time="15.599"/>
  <system-out/>
</testsuite> <!-- com.fb.qa.testcases.AssetsTest -->
