<?xml version="1.0" encoding="UTF-8"?>
<!-- Generated by org.testng.reporters.JUnitReportReporter -->
<testsuite hostname="NX00428" failures="0" tests="2" name="com.fb.qa.testcases.BudgetsTest" time="31.916" errors="0" timestamp="2023-05-24T18:42:16 PKT" skipped="0">
  <testcase classname="com.fb.qa.testcases.BudgetsTest" name="BudgetsProcess" time="20.671"/>
  <system-out/>
  <testcase classname="com.fb.qa.testcases.BudgetsTest" name="ApproveBudgets" time="11.245"/>
  <system-out/>
</testsuite> <!-- com.fb.qa.testcases.BudgetsTest -->
