<?xml version="1.0" encoding="UTF-8"?>
<!-- Generated by org.testng.reporters.JUnitReportReporter -->
<testsuite hostname="NX00428" failures="0" tests="2" name="com.fb.qa.testcases.InwardPageTest" time="25.710" errors="0" timestamp="2023-06-21T12:24:00 PKT" skipped="0">
  <testcase classname="com.fb.qa.testcases.InwardPageTest" name="inwardProcess" time="12.943"/>
  <testcase classname="com.fb.qa.testcases.InwardPageTest" name="approveInwardTest" time="12.767"/>
</testsuite> <!-- com.fb.qa.testcases.InwardPageTest -->
