<?xml version="1.0" encoding="UTF-8"?>
<!-- Generated by org.testng.reporters.JUnitReportReporter -->
<testsuite hostname="NX00428" failures="0" tests="1" name="com.fb.qa.testcases.GoodsReceiveNotesTest" time="24.131" errors="0" timestamp="2023-05-24T17:39:30 PKT" skipped="0">
  <testcase classname="com.fb.qa.testcases.GoodsReceiveNotesTest" name="GoodsRecieveProcess" time="24.131"/>
  <system-out/>
</testsuite> <!-- com.fb.qa.testcases.GoodsReceiveNotesTest -->
