<?xml version="1.0" encoding="UTF-8"?>
<!-- Generated by org.testng.reporters.JUnitReportReporter -->
<testsuite hostname="NX00428" failures="0" tests="2" name="com.fb.qa.testcases.MaterialReturnTest" time="33.133" errors="0" timestamp="2023-05-23T19:30:32 PKT" skipped="0">
  <testcase classname="com.fb.qa.testcases.MaterialReturnTest" name="SuppliersProcess" time="21.519"/>
  <system-out/>
  <testcase classname="com.fb.qa.testcases.MaterialReturnTest" name="ApproveMaterialReturn" time="11.614"/>
  <system-out/>
</testsuite> <!-- com.fb.qa.testcases.MaterialReturnTest -->
