<?xml version="1.0" encoding="UTF-8"?>
<!-- Generated by org.testng.reporters.JUnitReportReporter -->
<testsuite hostname="NX00428" failures="0" tests="1" name="com.fb.qa.testcases.InventoryTest" time="17.672" errors="0" timestamp="2023-05-10T13:07:15 PKT" skipped="0">
  <testcase classname="com.fb.qa.testcases.InventoryTest" name="AssetsProcess" time="17.672"/>
  <system-out/>
</testsuite> <!-- com.fb.qa.testcases.InventoryTest -->
