<?xml version="1.0" encoding="UTF-8"?>
<!-- Generated by org.testng.reporters.JUnitReportReporter -->
<testsuite hostname="NX00428" failures="0" tests="2" name="com.fb.qa.testcases.PurchaseOrdersTest" time="42.276" errors="0" timestamp="2023-06-20T17:21:52 PKT" skipped="0">
  <testcase classname="com.fb.qa.testcases.PurchaseOrdersTest" name="purchaseOrderProcess" time="27.650"/>
  <testcase classname="com.fb.qa.testcases.PurchaseOrdersTest" name="approvePurchaseOrderProcess" time="14.626"/>
</testsuite> <!-- com.fb.qa.testcases.PurchaseOrdersTest -->
