<?xml version="1.0" encoding="UTF-8"?>
<!-- Generated by org.testng.reporters.JUnitReportReporter -->
<testsuite hostname="NX00428" failures="0" tests="2" name="com.fb.qa.testcases.OutwardPageTest" time="21.960" errors="0" timestamp="2023-05-16T18:07:26 PKT" skipped="0">
  <testcase classname="com.fb.qa.testcases.OutwardPageTest" name="outwardProcess" time="12.286"/>
  <system-out/>
  <testcase classname="com.fb.qa.testcases.OutwardPageTest" name="approveOutwardProcess" time="9.674"/>
  <system-out/>
</testsuite> <!-- com.fb.qa.testcases.OutwardPageTest -->
