<?xml version="1.0" encoding="UTF-8"?>
<!-- Generated by org.testng.reporters.JUnitReportReporter -->
<testsuite hostname="NX00428" failures="0" tests="2" name="com.fb.qa.testcases.OutwardPageTest" time="45.370" errors="0" timestamp="2023-05-25T19:55:56 PKT" skipped="0">
  <testcase classname="com.fb.qa.testcases.OutwardPageTest" name="outwardProcess" time="33.300"/>
  <system-out/>
  <testcase classname="com.fb.qa.testcases.OutwardPageTest" name="approveOutwardProcess" time="12.070"/>
  <system-out/>
</testsuite> <!-- com.fb.qa.testcases.OutwardPageTest -->
