<?xml version="1.0" encoding="UTF-8"?>
<!-- Generated by org.testng.reporters.JUnitReportReporter -->
<testsuite hostname="NX00428" failures="0" tests="1" name="com.fb.qa.testcases.MaterialIssuanceTest" time="10.232" errors="0" timestamp="2023-06-22T14:52:56 PKT" skipped="0">
  <testcase classname="com.fb.qa.testcases.MaterialIssuanceTest" name="verifyPageTitle" time="10.232"/>
</testsuite> <!-- com.fb.qa.testcases.MaterialIssuanceTest -->
