<?xml version="1.0" encoding="UTF-8"?>
<!-- Generated by org.testng.reporters.JUnitReportReporter -->
<testsuite hostname="NX00428" failures="0" tests="1" name="com.fb.qa.testcases.HomePageTest" time="9.119" errors="0" timestamp="2023-05-17T15:51:30 PKT" skipped="0">
  <testcase classname="com.fb.qa.testcases.HomePageTest" name="verifyHomePageTitleTest" time="9.119"/>
  <system-out/>
</testsuite> <!-- com.fb.qa.testcases.HomePageTest -->
