<?xml version="1.0" encoding="UTF-8"?>
<!-- Generated by org.testng.reporters.JUnitReportReporter -->
<testsuite hostname="NX00428" failures="0" tests="3" name="com.fb.qa.testcases.MaterialRequisitionTest" time="32.673" errors="0" timestamp="2023-05-16T18:22:54 PKT" skipped="0">
  <testcase classname="com.fb.qa.testcases.MaterialRequisitionTest" name="verifyPageTitle" time="5.656"/>
  <system-out/>
  <testcase classname="com.fb.qa.testcases.MaterialRequisitionTest" name="materialReqProcess" time="15.596"/>
  <system-out/>
  <testcase classname="com.fb.qa.testcases.MaterialRequisitionTest" name="approveMaterialProcess" time="11.421"/>
  <system-out/>
</testsuite> <!-- com.fb.qa.testcases.MaterialRequisitionTest -->
