<?xml version="1.0" encoding="UTF-8"?>
<!-- Generated by org.testng.reporters.JUnitReportReporter -->
<testsuite hostname="NX00428" failures="0" tests="2" name="com.fb.qa.testcases.SuppliersBillsTest" time="32.209" errors="0" timestamp="2023-06-22T13:16:12 PKT" skipped="0">
  <testcase classname="com.fb.qa.testcases.SuppliersBillsTest" name="suppliersBillsProcess" time="19.729"/>
  <testcase classname="com.fb.qa.testcases.SuppliersBillsTest" name="approveSuppliers" time="12.480"/>
</testsuite> <!-- com.fb.qa.testcases.SuppliersBillsTest -->
