<?xml version="1.0" encoding="UTF-8"?>
<!-- Generated by org.testng.reporters.JUnitReportReporter -->
<testsuite hostname="NX00428" failures="0" tests="3" name="com.fb.qa.testcases.MaterialRequisitionTest" time="41.367" errors="0" timestamp="2023-06-19T16:50:57 PKT" skipped="0">
  <testcase classname="com.fb.qa.testcases.MaterialRequisitionTest" name="verifyPageTitle" time="11.178"/>
  <testcase classname="com.fb.qa.testcases.MaterialRequisitionTest" name="materialReqProcess" time="17.541"/>
  <testcase classname="com.fb.qa.testcases.MaterialRequisitionTest" name="approveMaterialProcess" time="12.648"/>
</testsuite> <!-- com.fb.qa.testcases.MaterialRequisitionTest -->
