<?xml version="1.0" encoding="UTF-8"?>
<!-- Generated by org.testng.reporters.JUnitReportReporter -->
<testsuite hostname="NX00428" failures="0" tests="2" name="com.fb.qa.testcases.MaterialReturnTest" time="28.555" errors="0" timestamp="2023-05-25T15:37:09 PKT" skipped="0">
  <testcase classname="com.fb.qa.testcases.MaterialReturnTest" name="MaterialReturnProcess" time="15.573"/>
  <system-out/>
  <testcase classname="com.fb.qa.testcases.MaterialReturnTest" name="ApproveMaterialReturn" time="12.982"/>
  <system-out/>
</testsuite> <!-- com.fb.qa.testcases.MaterialReturnTest -->
