<?xml version="1.0" encoding="UTF-8"?>
<!-- Generated by org.testng.reporters.JUnitReportReporter -->
<testsuite hostname="NX00428" failures="0" tests="2" name="com.fb.qa.testcases.PurchaseOrdersTest" time="35.094" errors="0" timestamp="2023-06-21T15:24:00 PKT" skipped="0">
  <testcase classname="com.fb.qa.testcases.PurchaseOrdersTest" name="purchaseOrderProcess" time="20.891"/>
  <testcase classname="com.fb.qa.testcases.PurchaseOrdersTest" name="approvePurchaseOrderProcess" time="14.203"/>
</testsuite> <!-- com.fb.qa.testcases.PurchaseOrdersTest -->
