<?xml version="1.0" encoding="UTF-8"?>
<!-- Generated by org.testng.reporters.JUnitReportReporter -->
<testsuite hostname="NX00428" failures="0" tests="2" name="com.fb.qa.testcases.MaterialReturnTest" time="25.745" errors="0" timestamp="2023-05-10T18:24:35 PKT" skipped="0">
  <testcase classname="com.fb.qa.testcases.MaterialReturnTest" name="SuppliersProcess" time="16.525"/>
  <system-out/>
  <testcase classname="com.fb.qa.testcases.MaterialReturnTest" name="ApproveMaterialReturn" time="9.220"/>
  <system-out/>
</testsuite> <!-- com.fb.qa.testcases.MaterialReturnTest -->
