<?xml version="1.0" encoding="UTF-8"?>
<!-- Generated by org.testng.reporters.JUnitReportReporter -->
<testsuite hostname="NX00428" failures="0" tests="1" name="com.fb.qa.testcases.PurchaseOrderReturnTest" time="11.655" errors="0" timestamp="2023-06-22T13:03:48 PKT" skipped="0">
  <testcase classname="com.fb.qa.testcases.PurchaseOrderReturnTest" name="approvePurchaseOrderReturn" time="11.655"/>
</testsuite> <!-- com.fb.qa.testcases.PurchaseOrderReturnTest -->
